[    0.000000] Linux version 4.15.0-38-generic (buildd@lcy01-amd64-023) (gcc version 7.3.0 (Ubuntu 7.3.0-16ubuntu3)) #41-Ubuntu SMP Wed Oct 10 10:59:38 TC 2018 (Ubuntu 4.15.0-38.41-generic 4.15.18)
[    0.000000] Command line: BOOT_IMAGE=/boot/vmlinuz-4.15.0-38-generic root=LABEL=cloudimg-rootfs ro console=tty1 console=ttyS0
[    0.000000] KERNEL supported cpus:
[    0.000000]   Intel GenuineIntel
[    0.000000]   AMD AuthenticAMD
[    0.000000]   Centaur CentaurHauls
[    0.000000] x86/fpu: Supporting XSAVE feature 0x001: 'x87 floating point registers'
[    0.000000] x86/fpu: Supporting XSAVE feature 0x002: 'SSE registers'
[    0.000000] x86/fpu: Supporting XSAVE feature 0x004: 'AVX registers'
[    0.000000] x86/fpu: xstate_offset[2]:  576, xstate_sizes[2]:  256
[    0.000000] x86/fpu: Enabled xstate features 0x7, context size is 832 bytes, using 'standard' format.
[    0.000000] e820: BIOS-provided physical RAM map:
[    0000000] BIOS-e820: [mem 0x0000000000000000-0x000000000009fbff] usable
[    0.000000] BIOS-e820: [mem 0x000000000009fc00-0x000000000009ffff] reserved
[    0.000000] BIOS-e820: [mem 0x00000000000f0000-0x00000000000fffff] reserved
[    0.000000] BIOS-e820: [mem 0x0000000000100000-0x000000003ffeffff] usable
[    0.000000] BIOS-e820: [mem 0x000000003fff0000-0x000000003fffffff] ACPI data
[    0.000000] BIOS-e820: [mem 0x00000000fec00000-0x00000000fec00fff] reserved
[    0.000000] BIOS-e820: [mem 0x00000000fee00000-0x00000000fee00fff] reserved
[    0.000000] BIOS-e820: [mem 0x00000000fffc0000-0x00000000ffffffff] reserved
[    0.000000] NX (Execute Disable) protection: active
[    0.000000] SMBIOS 2.5 present.
[    0.000000] DMI: innotek GmbH VirtualBox/VirtualBox, BIOS VirtualBox 12/01/2006
[    0.000000] Hypervisor detected: KVM
[    0.000000] e820: last_pfn = 0x3fff0 max_arch_pfn = 0x400000000
[    0.000000] MTRR: Disabled
[    0.000000] x86/PAT: MTRRs disabled, skipping PAT initialization too.
[    0.000000] CPU MTRRs all blank - virtualized system.
[    0.000000] x86/PAT: Configuration [0-7]: WB  WT  UC- UC  WB  WT  UC- UC  
[    0.000000] found SMP MP-table at [mem 0x0009fff0-0x0009ffff] mapped at [        (ptrval)]
[    0.000000] Scanning 1 areas for low memory corruption
[    0.000000] RAMDISK: [mem 0x35ae1000-0x36d67fff]
[    0.000000] ACPI: Early table checksum verification disabled
[    0.000000] ACPI: RSDP 0x00000000000E0000 000024 (v02 VBOX  )
[    0.000000] ACPI: XSDT 0x000000003FFF0030 00003C (v01 VBOX   VBOXXSDT 00000001 ASL  00000061)
[    0.000000] ACPI: FACP 0x000000003FFF00F0 0000F4 (v04 VBOX   VBOXFACP 00000001 ASL  00000061)
[    0.000000] ACPI: DSDT 0x000000003FFF0470 0021FF (v02 VBOX   VBOXBIOS 00000002 INTL 20180105)
[    0.000000] ACPI: FACS 0x000000003FFF0200 000040
[    0.000000] ACPI: FACS 0x000000003FFF0200 000040
[    0.000000] ACPI: APIC 0x000000003FFF0240 00005C (v02 VBOX   VBOXAPIC 00000001 ASL  00000061)
[    0.000000] ACPI: SSDT 0x000000003FFF02A0 0001CC (v01 VBOX   VBOXCPUT 00000002 INTL 20180105)
[    0.000000] No NUMA configuration found
[    0.000000] Faking a node at [mem 0x0000000000000000-0x000000003ffeffff]
[    0.000000] NODE_DATA(0) allocated [mem 0x3ffc5000-0x3ffeffff]
[    0.000000] kvm-clock: cpu 0, msr 0:3ff44001, primary cpu clock
[    0.000000] kvm-clock: Using msrs 4b564d01 and 4b564d00
[    0.000000] kvm-clock: using sched offset of 3780879432 cycles
[    0.000000] clocksource: kvm-clock: mask: 0xffffffffffffffff max_cycles: 0x1cd42e4dffb, max_idle_ns: 881590591483 ns
[    0.000000] Zone ranges:
[    0.000000]   DMA      [mem 0x0000000000001000-0x0000000000ffffff]
[    0.000000]   DMA32    [mem 0x0000000001000000-0x000000003ffeffff]
[    0.000000]   Normal   empty
[    0.000000]   Device   empty
[    0.000000] Movable zone start for each node
[    0.000000] Early memory node ranges
[    0.000000]   node   0: [mem 0x0000000000001000-0x000000000009efff]
[    0.000000]   node   0: [mem 0x0000000000100000-0x000000003ffeffff]
[    0.000000] Initmem setup node 0 [mem 0x0000000000001000-0x00000003ffeffff]
[    0.000000] Reserved but unavailable: 98 pages
[    0.000000] ACPI: PM-Timer IO Port: 0x4008
[    0.000000] IOAPIC[0]: apic_id 2, version 32, address 0xfec00000, GSI 0-23
[    0.000000] ACPI: INT_SRC_OVR (bus 0 bus_irq 0 global_irq 2 dfl dfl)
[    0.000000] ACPI: INT_SRC_OVR (bus 0 bus_irq 9 global_irq 9 low level)
[    0.000000] Using ACPI (MADT) for SMP configuration information
[    0.000000] smpboot: Allowing 2 CPUs, 0 hotplug CPUs
[    0.000000] PM: Registered nosave memory: [mem 0x00000000-0x00000fff]
[    0.000000] PM: Registered nosave memory: [mem 0x0009f000-0x0009ffff]
[    0.000000] PM: Registered nosave memory: [mem 0x000a0000-0x000effff]
[    0.000000] PM: Registered nosave memory: [mem 0x000f0000-0x00ffff]
[    0.000000] e820: [mem 0x40000000-0xfebfffff] available for PCI devices
[    0.000000] Booting paravirtualized kernel on KVM
[    0.000000] clocksource: refined-jiffies: mask: 0xffffffff max_cycles: 0xffffffff, max_idle_ns: 7645519600211568 ns
[    0.000000] random: get_random_bytes called from start_kernel+0x99/0x4fd with crng_init=0
[    0.000000] setup_percpu: NR_CPUS:8192 nr_cpumask_bits:2 nr_cpu_ids:2 nr_node_ids:1
[    0.000000] percpu: Embedded 46 pages/cpu @        (ptrval) s151552 r8192 d28672 u1048576
[    0.000000] PV qspinlock hash table entries: 256 (order: 0, 4096 bytes)
[    0.000000] Built 1 zonelists, mobility grouping on.  Total pages: 257913
[    0.000000] Policy zone: DMA32
[    0.000000] Kernel command line: BOOT_IMAGE=/boot/vmlinuz-4.15.0-38-generic root=LAEL=cloudimg-rootfs ro console=tty1 console=ttyS0
[    0.000000] Memory: 983612K/1048120K available (12300K kernel code, 2472K rwata, 4248K rodata, 2408K init, 2416K bss, 64508K reserved, 0K cma-reserved)
[    0.000000] SLUB: HWalign=64, Order=0-3, MinObjects=0, CPUs=2, Nodes=1
[    0.000000] Kernel/User page tables isolation:enabled
[    0.000000] ftrace: allocating 39175 entries in 154 pages
[    0.00400] Hierarchical RCU implementation.
[    0.004000] 	RCU restricting CPUs from NR_CPUS=8192 to nr_cpu_ids=2.
[    0.004000] 	Tasks RCU enabled.
[    0.004000] RCU: Adjusting geometry for rcu_fanout_leaf=16, nr_cpu_ids=2
[    0.004000] NR_IRQS: 52544, nrirqs: 440, preallocated irqs: 16
[    0.004000] Console: colour VGA+ 80x25
[    0.004000] console [tty1] enabled
[    0.004000] console [ttyS0] enabled
[    0.004000] ACPI: Core revision 20170831
[    0.004000] ACPI: 2 ACPI AML tables successfully acquired and loaded
[    0.004000] APIC: Switch to symmetric I/O mode setup
[    0.004000] x2apic enabled
[    0.004000] Switched APIC routing to physical x2apic.
[    0.004000] ..TIMER: vector=0x30 apic1=0 pin1=2 apic2=-1 pin2=-1
[    0.004005] tsc: Detected 2904.000 MHz processor
[    0.008011] Calibrating delay loop (skipped) preset value.. 5808.00 BogoMIPS (lpj=11616000)
[    0.012007] pid_max: default: 32768 minimum: 301
[    0.012779] Security Framework initialized
[    0.013436] Yama: becoming mindful.
[    0.014124] AppArmor: AppArmor initialized
[    0.016462] Dentry cache hash table entries: 131072 (order: 8, 1048576 bytes)
[    0.017494] Inode-cache hash table entries: 65536 (order: 7, 524288 bytes)
[    0.018435] Mount-cache hash table entries: 2048 (order: 2, 16384 bytes)
[    0.019317] Mountpoint-cache hash table entries: 2048 (order: 2, 16384 bytes)
[    0.024062] mce: CPU supports 0 MCE banks
[    0.024748] Last level iTLB entries: 4KB 64, 2MB 8, 4MB 8
[    0.027513] Last level dTLB entries: 4KB 64, 2MB 0, 4MB 0, 1GB 4
[    0.028005] Spectre V2 : Mitigation: Full generic retpoline
[    0.032002] Spectre V2 : Spectre v2 / SpectreRSB mitigation: Filling RSB on context switch
[    0.036005] Speculative Store Bypass: Vulnerable
[    0.040078] Freeing SMP alternatives memory: 36K
[    0.048000] smpboot: CPU0: Intel(R) Core(TM) i7-7500U CPU @ 2.70GHz (family: 0x6, model: 0x8e, stepping: 0x9)
[    0.048070] Performance Events: unsupported p6 CPU model 142 no PMU driver, software events only.
[    0.052039] Hierarchical SRCU implementation.
[    0.056513] NMI watchdog: Perf event create on CPU 0 failed with -2
[    0.057391] NMI watchdog: Perf NMI watchdog permanently disabled
[    0.060049] smp: Bringing up secondary CPUs ...
[    0.064083] x86: Booting SMP configuration:
[    0.068003] .... node  #0, CPUs:      #1
[    0.004000] kvm-clock: cpu 1, msr 0:3ff44041, secondary cpu clock
[    0.004000] mce: CPU supports 0 MCE banks
[    0.079282] smp: Brought up 1 node, 2 CPUs
[    0.079282] smpboot: Max logical packages: 1
[    0.080006] smpboot: Total of 2 processors activated (11616.00 BogoMIPS)
[    0.081039] devtmpfs: initialized
[    0.081039] x86/mm: Memory block size: 128MB
[    0.081288] evm: security.selinux
[    0.081838] evm: security.SMACK64
[    0.084003] evm: security.SMACK64EXEC
[    0.084579] evm: security.SMACK64TRANSMUTE
[    0.087538] evm: security.SMACK64MMAP
[    0.088003] evm: security.apparmor
[    0.092005] evm: security.ima
[    0.092524] evm: security.capability
[    0.093179] clocksource: jiffies: mask: 0xffffffff max_cycles: 0xffffffff, max_idle_ns: 7645041785100000 ns
[    0.096021] futex hash table entries: 512 (order: 3, 32768 bytes)
[    0.100070] pinctrl core: initialized pinctrl subsystem
[    0.101369] RTC time: 15:28:14, date: 12/03/18
[    0.102224] NET: Registered protocol family 16
[    0.104076] audit: initializing netlink subsys (disabled)
[    0.104946] audit: type=2000 audit(1543850897.888:1): state=initialized audit_enabled=0 res=1
[    0.116021] cpuidle: using governor ladder
[    0.120015] cpuidle: using governor menu
[    0.121723] ACPI: bus type PCI registered
[    0.124005] acpiphp: ACPI Hot Plug PCI Controller Driver version: 0.5
[    0.128109] PCI: Using configuration type 1 for base access
[    0.129042] HugeTLB registered 2.00 MiB page size, pre-allocated 0 pages
[    0.132099] ACPI: Added _OSI(Module Device)
[    0.136005] ACPI: Added _OSI(Processor Device)
[    0.136615] ACPI: Added _OSI(3.0 _SCP Extensions)
[    0.137252] ACPI: Added _OSI(Processor Aggregator Device)
[    0.137974] ACPI: Added _OSI(Linux-Dell-Video)
[    0.140006] ACPI: Added _OSI(Linux-Lenovo-NV-HDMI-Audio)
[    0.144209] ACPI: Executed 1 blocks of module-level executable AML code
[    0.148123] ACPI: Interpreter enabled
[    0.148691] ACPI: (supports S0 S5)
[    0.151617] ACPI: Using IOAPIC for interrupt routing
[    0.152213] PCI: Using host bridge windows from ACPI; if necessary, use "pci=nocrs" and report a bug
[    0.153451] ACPI: Enabled 2 GPEs in block 00 to 07
[    0.159958] ACPI: PCI Root Bridge [PCI0] (domain 0000 [bus 00-ff])
[    0.160015] acpi PNP0A03:00: _OSC: OS supports [ASPM ClockPM Segments MSI]
[    0.164041] acpi PNP0A03:00: _OSC: not requesting OS control; OS requires [ExtendedConfig ASPM ClockPM MSI]
[    0.168023] acpi PNP0A03:00: fail to add MMCONFIG information, can't access extended PCI configuration space under this bridge.
[    0.169804] PCI host bridge to bus 0000:00
[    0.172005] pci_bus 0000:00: root bus resource [io  0x0000-0x0cf7 window]
[    0.175339] pci_bus 0000:00: root bus resource [io  0x0d00-0xffff window]
[    0.176007] pci_bus 0000:00: root bus resource [mem 0x000a0000-0x000bffff window]
[    0.177047] pci_bus 0000:00: root bus resource [mem 0x40000000-0xfdffffff window]
[    0.178087] pci_bus 0000:00: root bus resource [bus 00-ff]
[    0.181307] pci 0000:00:01.1: legacy IDE quirk: reg 0x10: [io  0x01f0-0x01f7]
[    0.184005] pci 0000:00:01.1: legacy IDE quirk: reg 0x14: [io  0x03f6]
[    0.188009] pci 0000:00:01.1: legacy IDE quirk: reg 0x18: [io  0x0170-0x0177]
[    0.192008] pci 0000:00:01.1: legacy IDE quirk: reg 0x1c: [io  0x0376]
[    0.212291] pci 0000:00:07.0: quirk: [io  0x4000-0x403f] claimed by PIIX4 ACPI
[    0.214017] pci 0000:00:07.0: quirk: [io  0x4100-0x410f] claimed by PIIX4 SMB
[    0.228270] ACPI: PCI Interrupt Link [LNKA] (IRQs 5 9 10 *11)
[    0.232275] ACPI: PCI Interrupt Link [LNKB] (IRQs 5 9 *10 11)
[    0.236091] ACPI: PCI Interrupt Link [LNKC] (IRQs 5 *9 10 11)
[    0.240111] ACPI: PCI Interrupt Link [LNKD] (IRQs 5 9 10 *11)
[    0.244350] SCSI subsystem initialized
[    0.248057] pci 0000:00:02.0: vgaarb: setting as boot VGA device
[    0.251190] pci 0000:00:02.0: vgaarb: VGA device added: decodes=io+mem,owns=io+mem,locks=none
[    0.252013] pci 0000:00:02.0: vgaarb: bridge control possible
[    0.256003] vgaarb: loaded
[    0.257171] ACPI: bus type USB registered
[    0.260027] usbcore: registered new interface driver usbfs
[    0.264023] usbcore: registered new interface driver hub
[    0.264799] usbcore: registered new device driver usb
[    0.265714] EDAC MC: Ver: 3.0.0
[    0.265714] PCI: Using ACPI for IRQ routing
[    0.265714] NetLabel: Initializing
[    0.268004] NetLabel:  domain hash size = 128
[    0.270089] NetLabel:  protocols = UNLABELED CIPSOv4 CALIPSO
[    0.272025] NetLabel:  unlabeled traffic allowed by default
[    0.276082] clocksource: Switched to clocksource kvm-clock
[    0.287077] VFS: Disk quotas dquot_6.6.0
[    0.303170] VFS: Dquot-cache hash table entries: 512 (order 0, 4096 bytes)
[    0.304206] AppArmor: AppArmor Filesystem Enabled
[    0.304887] pnp: PnP ACPI init
[    0.306043] pnp: PnP ACPI: found 3 devices
[    0.314412] clocksource: acpi_pm: mask: 0xffffff max_cycles: 0xffffff, max_dle_ns: 2085701024 ns
[    0.336392] NET: Registered protocol family 2

[    0.337632] TCP established hash table entries: 8192 (order: 4, 65536 bytes)
  0.29] CP bind hash table entries: 8192 (order: 5, 131072 bytes)
[    0.631137] TCP: Hash tables cnfured (established 8192 bind 8192)
[    0.693763] UDP hash table entries: 512 (order: 2, 16384 bytes)
[    0.694582] UDP-Lite hash table entries: 512 (order: 2, 16384 bytes)
[    0.695475] NET: Registered protocol family 1
[    0.696108] pci 0000:00:00.0: Limiting direct PCI/PCI trasfs  0.93] i 0000:01.0: Activating ISA DMA hang workarounds
[    1.072200] pci 0000:00:02.0: Video device with shadowed ROM at [mem 0x000c0000-0x000dffff]
[    1.073499] Unpacking initramfs...
[    1.299187] Freeing initrd memory: 18972K
[    1.329435] platform rtc_cmos: registered platform RTC device (no PNP device found)
[    1.342189] Scanning for low memory corruption every 60 seconds
[    1.344828] Initialise system trusted keyrings
[    1.472776] Key type blacklist registered
[    1.594387] workingset: timestamp_bits=36 max_order=18 bucket_order=0
[    1.654149] zbud: loaded
[    1.655022] squashfs: version 4.0 (2009/01/31) Phillip Lougher
[    1.660521] fuse init (API version 7.26)
[    1.662641] Key type asymmetric registered
[    1.664408] Asymmetric key parser 'x509' registered
[    1.668475] Block layer SCSI generic (bsg) driver version 0.4 loaded (major 246)
[    1.672364] io scheduler noop registered
[    1.676577] io scheduler deadline registered
[    1.684435] io scheduler cfq registered (default)
[    1.685472] ACPI: AC Adapter [AC] (on-line)
[    1.686242] input: Power Button as /devices/LNXSYSTM:00/LNXPWRBN:00/input/input0
[    1.687348] ACPI: Power Button [PWRF]
[    1.687936] input: Sleep Button as /devices/LNXSYSTM:00/LNXSLPBN:00/input/input1
[    1.690104] ACPI: Sleep Button [SLPF]
[    1.697144] ACPI: Battery Slot [BAT0] (battery present)
[    1.700140] Serial: 8250/16550 driver, 32 ports, IRQ sharing enabled
[    1.729864] 00:02: ttyS0 at I/O 0x3f8 (irq = 4, base_baud = 115200) is a 16550A
[    1.735126] Linux agpgart interface v0.103
[    1.754222] loop: module loaded
[    1.756047] scsi host0: ata_piix
[    1.757149] scsi host1: ata_piix
[    1.757777] ata1: PATA max UDMA/33 cmd 0x1f0 ctl 0x3f6 bmdma 0xd000 irq 14
[    1.891831] ata2: PATA max UDMA/33 cmd 0x170 ctl 0x376 bmdma 0xd008 irq 15
[    1.892896] libphy: Fixed MDIO Bus: probed
[    1.929748] tun: Universal TUN/TAP device driver, 1.6
[    1.933812] PPP generic driver version 2.4.2
[    1.934482] ehci_hcd: USB 2.0 'Enhanced' Host Controller (EHCI) Driver
[    1.935339] ehci-pci: EHCI PCI platform driver
[    1.935986] ehci-platform: EHCI generic platform driver
[    1.941978] ohci_hcd: USB 1.1 'Open' Host Controller (OHCI) Driver
[    1.962169] ohci-pci: OHCI PCI platform driver
[    1.975459] ohci-platform: OHCI generic platform driver
[    1.976260] uhci_hcd: USB Universal Host Controller Interface driver
[    1.982427] i8042: PNP: PS/2 Controller [PNP0303:PS2K,PNP0f03:PS2M] at 0x60,0x64 irq 1,12
[    2.032718] serio: i8042 KBD port at 0x60,0x64 irq 1
[    2.033410] serio: i8042 AUX port at 0x60,0x64 irq 12
[    2.034446] mousedev: PS/2 mouse device common for all mice
[    2.037859] input: AT Translated Set 2 keyboard as /devices/platform/i8042/serio0/input/input2
[    2.039465] rtc_cmos rtc_cmos: rtc core: registered rtc_cmos as rtc0
[    2.042245] rtc_cmos rtc_cmos: alarms up to one day, 114 bytes nvram
[    2.043236] i2c /dev entries driver
[    2.043869] pcie_mp2_amd: AMD(R) PCI-E MP2 Communication Driver Version: 1.0
[    2.045040] device-mapper: uevent: version 1.0.3
[    2.045787] device-mapper: ioctl: 4.37.0-ioctl (2017-09-20) initialised: dm-devel@redhat.com
[    2.046988] ledtrig-cpu: registered to indicate activity on CPUs
[    2.066380] NE::RRggsseered protocol family 10
[    2.285521] Segment Routing with IPv6
[    2.304041] NET: Registered protocol family 17
[    2.322266] Key type dns_resolver registered
[    2.325633] RAS: Correctable Errors collector initialized.
[    2.326649] sched_clock: Marking stable (2325564735, 0)->(3999433485, -1583868750)
[    2.352047] tsc: Refined TSC clocksource calibration: 2903.837 MHz
[    2.355945] clocksource: tsc: mask: 0xffffffffffffffff max_cycles: 0x29db6b7930c, max_idle_ns: 440795253097 ns
[    2.544581] registered taskstats version 1
[    2.548666] Loading compiled-in X.509 certificates
[    2.563627] Loaded X.509 cert 'Build time autogenerated kernel key: f3a9ae7fdf18cf897e7c53db8499a9c1252f0be9'
[    2.571383] zswap: loaded using pool lzo/zbud
[    2.584386] Key type big_key registered
[    2.602215] Key type trusted registered
[    2.604061] Key type encrypted registered
[    2.610949] AppArmor: AppArmor sha1 policy hashing enabled
[    2.611803] ima: No TPM chip found, activating TPM-bypass! (rc=-19)
[    2.612733] ima: Allocated hash algorithm: sha1
[    2.621843] evm: HMAC attrs: 0x1
[    2.625257]   Magic number: 14:777:486
[    2.631992] rtc_cmos rtc_cmos: setting system clock to 2018-12-03 15:28:17 UTC (1543850897)
[    2.643339] BIOS EDD facility v0.16 2004-Jun-25, 0 devices found
[    2.652166] EDD information not available.
[    2.654827] Freeing unused kernel memory: 2408K
[    2.668171] Write protecting the kernel read-only data: 20480k
[    2.683952] Freeing unused kernel memory: 2008K
[    2.705047] Freeing unused kernel memory: 1896K
[    2.710476] x86/mm: Checked W+X mappings: passed, no W+X pages found.
[    2.732059] x86/mm: Checking user space page tables
[    2.736892] x86/mm: Checked W+X mappings: passed, no W+X pages found.
Loading, please wait...
starting version 237
[    2.795711] e1000: Intel(R) PRO/1000 Network Driver - version 7.3.21-k8-NAPI
[    2.872096] e1000: Copyright (c) 1999-2006 Intel Corporation.
[    2.885640] Fusion MPT base driver 3.04.20
[    2.905485] Copyright (c) 1999-2008 LSI Corporation
[    2.941896] Fusion MPT SPI Host driver 3.04.20
[    3.082592] AVX2 version of gcm_enc/dec engaged.
[    3.183933] AES CTR mode by8 optimization enabled
[    3.188570] input: ImExPS/2 Generic Explorer Mouse as /devices/platform/i8042/serio1/input/input4
[    3.277713] e1000 0000:00:03.0 eth0: (PCI:33MHz:32-bit) 02:cf:c7:e0:d6:93
[    3.382023] e1000 0000:00:03.0 eth0: Intel(R) PRO/1000 Network Connection
[    3.742999] e1000 0000:00:08.0 eth1: (PCI:33MHz:32-bit) 08:00:27:b4:2a:af
[    3.832289] e1000 0000:00:08.0 eth1: Intel(R) PRO/1000 Network Connection
[    4.032594] mptbase: ioc0: Initiating bringup
[    4.437203] ioc0: LSI53C1030 A0: Capabilities={Initiator}
[    6.538999] scsi host2: ioc0: LSI53C1030 A0, FwRev=00000000h, Ports=1, MaxQ=256, IRQ=20
[    7.673083] scsi 2:0:0:0: Direct-Access     VBOX     HARDDISK         1.0  PQ: 0 ANSI: 5
[    7.836059] scsi target2:0:0: Beginning Domain Validation
[    7.837938] scsi target2:0:0: Domain Validation skipping write tests
[    7.838966] scsi target2:0:0: Ending Domain Validation
[    7.839962] scsi target2:0:0: asynchronous
[    7.840968] scsi 2:0:1:0: Direct-Access     VBOX     HARDDISK         1.0  PQ: 0 ANSI: 5
[    8.021416] scsi target2:0:1: Beginning Domain Validation
[    8.047840] e1000 0000:00:09.0 eth2: (PCI:33MHz:32-bit) 08:00:27:62:fc:74
[    8.047844] e1000 0000:00:09.0 eth2: Intel(R) PRO/1000 Network Connection
[    8.802311] e1000 0000:00:03.0 enp0s3: renamed from eth0
[    8.812467] random: fast init done
[    8.816679] random: systemd-udevd: uninitialized urandom read (16 bytes read)
[    8.816927] random: systemd-udevd: uninitialized urandom read (16 bytes read)
[    8.816947] random: systemd-udevd: uninitialized urandom read (16 bytes read)
[    8.817155] e1000 0000:00:09.0 enp0s9: renamed from eth2
[    8.818429] scsi target2:0:1: Domain Validation skipping write tests
[    8.818430] scsi target2:0:1: Ending Domain Validation
[    8.818840] scsi target2:0:1: asynchronous
[    8.822436] sd 2:0:0:0: Attached scsi generic sg0 type 0
[    8.822630] sd 2:0:0:0: [sda] 20971520 512-byte logical blocks: (10.7 GB/10.0 GiB)
[    8.822679] sd 2:0:0:0: [sda] Write Protect is off
[    8.822737] sd 2:0:1:0: [sdb] 20480 512-byte logical blocks: (10.5 MB/10.0 MiB)
[    8.822748] sd 2:0:0:0: [sda] Incomplete mode parameter data
[    8.822761] sd 2:0:0:0: [sda] Assuming drive cache: write through
[    8.822770] sd 2:0:1:0: [sdb] Write Protect is off
[    8.822897] sd 2:0:1:0: [sdb] Incomplete mode parameter data
[    8.822911] sd 2:0:1:0: [sdb] Assuming drive cache: write through
[    8.823243] sd 2:0:1:0: Attached scsi generic sg1 type 0
[    9.188094]  sda: sda1
[    9.188503] sd 2:0:0:0: [sda] Attached SCSI disk
[    9.373342] e1000 0000:00:08.0 enp0s8: renamed from eth1
[    9.422185] sd 2:0:1:0: [sdb] Attached SCSI disk
Begin: Loading essential drivers ... [   11.024046] raid6: sse2x1   gen() 11548 MB/s
[   11.104059] raid6: sse2x1   xor()  8635 MB/s
[   11.152056] raid6: sse2x2   gen() 14909 MB/s
[   11.200057] raid6: sse2x2   xor()  9974 MB/s
[   11.252056] raid6: sse2x4   gen() 17257 MB/s
[   11.304069] raid6: sse2x4   xor() 10510 MB/s
[   11.364040] raid6: avx2x1   gen() 24324 MB/s
[   11.412057] raid6: avx2x1   xor() 17023 MB/s
[   11.468061] raid6: avx2x2   gen() 29549 MB/s
[   11.524061] raid6: avx2x2   xor() 18580 MB/s
[   11.576062] raid6: avx2x4   gen() 33779 MB/s
[   11.624034] raid6: avx2x4   xor() 20858 MB/s
[   11.657126] raid6: using algorithm avx2x4 gen() 33779 MB/s
[   11.665954] raid6: .... xor() 20858 MB/s, rmw enabled
[   11.666671] raid6: using avx2x2 recovery algorithm
[   11.672948] xor: automatically using best checksumming function   avx       
[   11.704507] async_tx: api initialized (async)
done.
Begin: Running /scripts/init-premount ... done.
Begin: Mounting root file system ... Begin: Running /scripts/[   11.799051] Btrfs loaded, crc32c=crc32c-intel
local-top ... done.
Begin: Running /scripts/local-premount ... Scanning for Btrfs filesystems
done.
Warning: fsck not present, so skipping root file system
[   11.855898] EXT4-fs (sda1): mounted filesystem with ordered data mode. Opts: (null)
done.
Begin: Running /scripts/local-bottom ... done.
Begin: Running /scripts/init-bottom ... done.
[   12.841864] ip_tables: (C) 2000-2006 Netfilter Core Team
[   12.990885] systemd[1]: systemd 237 running in system mode. (+PAM +AUDIT +SELINUX +IMA +APPARMOR +SMACK +SYSVINIT +UTMP +LIBCRYPTSETUP +GCRYPT +GNUTLS +ACL +XZ +LZ4 +SECCOMP +BLKID +ELFUTILS +KMOD -IDN2 +IDN -PCRE2 default-hierarchy=hybrid)
[   13.622954] systemd[1]: Detected virtualization oracle.
[   13.624833] systemd[1]: Detected architecture x86-64.

Welcome to [1mUbuntu 18.04.1 LTS[0m!

[   13.691109] systemd[1]: Set hostname to <puppet-srv01>.
[   15.042230] random: crng init done
[   15.050044] random: 7 urandom warning(s) missed due to ratelimiting
[   17.001164] systemd[1]: Reached target System Time Synchronized.
[[0;32m  OK  [0m] Reached target System Time Synchronized.
[   17.641521] systemd[1]: Set up automount Arbitrary Executable File Formats File System Automount Point.
[[0;32m  OK  [0m] Set up automount Arbitrary Executab…rmats File System Automount Point.
[   18.565795] systemd[1]: Created slice System Slice.
[[0;32m  OK  [0m] Created slice System Slice.
[   18.590933] systemd[1]: Listening on Journal Socket.
[[0;32m  OK  [0m] Listening on Journal Socket.
[   18.801314] systemd[1]: Mounting Kernel Debug File System...
         Mounting Kernel Debug File System...
[   18.836890] systemd[1]: Listening on /dev/initctl Compatibility Named Pipe.
[[0;32m  OK  [0m] Listening on /dev/initctl Compatibility Named Pipe.
[   18.857596] systemd[1]: Mounting POSIX Message Queue File System...
         Mounting POSIX Message Queue File System...
[   18.867311] systemd[1]: Listening on Journal Socket (/dev/log).
[[0;32m  OK  [0m] Listening on Journal Socket (/dev/log).
[   18.871068] systemd[1]: Listening on Syslog Socket.
[[0;32m  OK  [0m] Listening on Syslog Socket.
[   18.884516] systemd[1]: Starting Create list of required static device nodes for the current kernel...
         Starting Create list of required st…ce nodes for the current kernel...
[   18.942662] systemd[1]: Created slice system-serial\x2dgetty.slice.
[[0;32m  OK  [0m] Created slice system-serial\x2dgetty.slice.
[   19.091168] systemd[1]: Starting Remount Root and Kernel File Systems...
         Starting Remount Root and Kernel File Systems...
[[0;32m  OK  [0m] Listening on Device-mapper event daemon FIFOs.
[[0;32m  OK  [0m] Listening on udev Control Socket.
[[0;32m  OK  [0m] Created slice User and Session Slice.
[[0;32m  OK  [0m] Reached target Slices.
[[0;32m  OK  [0m] Listening on LVM2 poll daemon socket.
[[0;32m  OK  [0m] Listening on LVM2 metadata daemon socket.
         Starting Monitoring of LVM2 mirrors…ng dmeventd or progress polling...
[[0;32m  OK  [0m] Listening on udev Kernel Socket.
         Starting udev Coldplug all Devices...
[[0;32m  OK  [0m] Reached target Swap.
         Starting Load Kernel Modules...
[[0;32m  OK  [0m] Started Forward Password Requests to Wall Directory Watch.
         Starting Uncomplicated firewall...
[[0;32m  OK  [0m] Reached target User and Group Name Lookups.
         Mounting Huge Pages File System...
[[0;32m  OK  [0m] Listening on Journal Audit Socket.
         Starting Journal Service...
         [   19.581782] Loading iSCSI transport class v2.0-870.
Starting Set the console keyboard layout...
[[0;32m  OK  [0m] Listening on Network Service Netlink Socket.
[[0;32m  OK  [0m] Started Journal Service.
[[0;32m  OK  [0m] Started Create list of required sta…vice nodes for the current kernel.
[[0;32m  OK  [0m] Started Uncomplicated firewall.
         Starting Create Static Device Nodes in /dev...
[[0;32m  OK  [0m] Started udev Coldplug all De[   19.708425] iscsi: registered transport (tcp)
vices.
[[0;32m  OK  [[   20.555650] iscsi: registered transport (iser)
0m] Started Create Static Device Nodes in /dev.
[[0;32m  OK  [0m] Started Load Kernel Modules.
         Starting Apply Kernel Variables...
         Mounting FUSE Control File System...
         Mounting Kernel Configuration File System...
[[0;32m  OK  [0m] Started Apply Kernel Variables.
[[0;32m  OK  [0m] Mounted Kernel Debug File System.
[[0;32m  OK  [0m] Mounted POSIX Message Queue File System.
[[0;32m  OK  [0m] Mounted Huge Pages File System.
[[0;32m  OK  [0m] Mounted FUSE Control File System.
[[0;32m  OK  [0m] Started Remount Root and Kernel File Systems.
[[0;32m  OK  [0m] Mounted Kernel Configuration File System.
         Starting Load/Save Random Seed...
         Starting udev Kernel Device Manager...
         Starting Flush Journal to Persistent Storage...
         Starting Initial cloud-init job (pre-networking)...
[[0;32m  OK  [0m] Started Load/Save Random Seed.
[[0;32m  OK  [0m] Started udev Kernel Device Manager.
[[0;32m  OK  [0m] Started Set the console keyboard layout.
[[0;32m  OK  [0m] Started Dispatch Password Requests to Console Directory Watch.
[[0;32m  OK  [0m] Reached target Local Encrypted Volumes.
[[0;32m  OK  [0m] Started LVM2 metadata daemon.
[[0;32m  OK  [0m] Found device /dev/ttyS0.
[[0;32m  OK  [0m] Listening on Load/Save RF Kill Switch Status /dev/rfkill Watch.
[[0;32m  OK  [0m] Started Monitoring of LVM2 mirrors,…sing dmeventd or progress polling.
[[0;32m  OK  [0m] Reached target Local File Systems (Pre).
[[0;32m  OK  [0m] Reached target Local File Systems.
         Starting Set console font and keymap...
         Starting ebtables ruleset management...
         Starting AppArmor initialization...
         Starting Tell Plymouth To Write Out Runtime Data...
[[0;32m  OK  [0m] Started Set console font and keymap.
[[0;32m  OK  [0m] Started Tell Plymouth To Write Out Runtime Data.
[[0;32m  OK  [0m] Started Flush Journal to Persistent Storage.
         Starting Create Volatile Files and Directories...
[[0;32m  OK  [0m] Started Create Volatile Files and Directories.
         Starting Update UTMP about System Boot/Shutdown...
[[0;32m  OK  [0m] Started Update UTMP about System Boot/Shutdown.
[[0;32m  OK  [0m] Started ebtables ruleset management.
[[0;32m  OK  [0m] Started AppArmor initialization.
[   26.309955] cloud-init[423]: Cloud-init v. 18.3-9-g2e62cb8a-0ubuntu1~18.04.2 running 'init-local' at Mon, 03 Dec 2018 15:28:40 +0000. Up 25.89 seconds.
[[0;32m  OK  [0m] Started Initial cloud-init job (pre-networking).
[[0;32m  OK  [0m] Reached target Network (Pre).
         Starting Network Service...
[[0;32m  OK  [0m] Started Network Service.
         Starting Wait for Network to be Configured...
         Starting Network Name Resolution...
[[0;32m  OK  [0m] Started Network Name Resolution.
[[0;32m  OK  [0m] Reached target Network.
[[0;32m  OK  [0m] Reached target Host and Network Name Lookups.
[[0;32m  OK  [0m] Started Wait for Network to be Configured.
         Starting Initial cloud-init job (metadata service crawler)...
[   29.833815] cloud-init[670]: Cloud-init v. 18.3-9-g2e62cb8a-0ubuntu1~18.04.2 running 'init' at Mon, 03 Dec 2018 15:28:43 +0000. Up 28.58 seconds.
[   29.844077] cloud-init[670]: ci-info: +++++++++++++++++++++++++++++++++++++++Net device info+++++++++++++++++++++++++++++++++++++++
[   29.850134] cloud-init[670]: ci-info: +--------+-------+-----------------------------+---------------+--------+-------------------+
[   29.856415] cloud-init[670]: ci-info: | Device |   Up  |           Address           |      Mask     | Scope  |     Hw-Address    |
[   29.862295] cloud-init[670]: ci-info: +--------+-------+-----------------------------+---------------+--------+-------------------+
[   29.867784] cloud-init[670]: ci-info: | enp0s3 |  True |          10.0.2.15          | 255.255.255.0 | global | 02:cf:c7:e0:d6:93 |
[   29.898852] cloud-init[670]: ci-info: | enp0s3 |  True |  fe80::cf:c7ff:fee0:d693/64 |       .       |  link  | 02:cf:c7:e0:d6:93 |
[   29.903844] cloud-init[670]: ci-info: | enp0s8 |  True |         172.16.1.55         | 255.255.254.0 | global | 08:00:27:b4:2a:af |
[   29.908453] cloud-init[670]: ci-info: | enp0s8 |  True | fe80::a00:27ff:feb4:2aaf/64 |       .       |  link  | 08:00:27:b4:2a:af |
[   29.912447] cloud-init[670]: ci-info: | enp0s9 | False |              .              |       .       |   .    | 08:00:27:62:fc:74 |
[   29.917108] cloud-init[670]: ci-info: |   lo   |  True |          127.0.0.1          |   255.0.0.0   |  host  |         .         |
[[0;32m  OK  [0m] Started Initial cloud-init job (metadata service crawler).
[   29.925474] cloud-init[[670]: [0;32m  OK  [0mci-info: |   lo   |  True |           ::1/128           |       .       |  host  |         .         |] 
Reached target Network is Online.
         Starting Availability of block devices...
[   29.955839] cloud-init[670]: ci-info: +--------+-------+-----------------------------+---------------+--------+-------------------+
[[   29.982995] cloud-init[670]: ci-info: +++++++++++++++++++++++++++++++Route IPv4 info+++++++++++++++++++++++++++++++
[   29.984044] cloud-init[670]: ci-info: +-------+--------------+--------------+-----------------+-----------+-------+
[0;32m  OK  [0m] Reached target Remote File Systems (Pre).
[   29.996689] cloud-init[670]: ci-info: | Route | Destination  |   Gateway    |     Genmask     | Interface | Flags |
[[0;32m  OK  [0m] Reached target Remote File Systems.
[   30.032665] cloud-init[670]: ci-info: +-------+--------------+--------------+-----------------+-----------+-------+
[[   30.071415] cloud-init[670]: ci-info: |   0   |   0.0.0.0    | 172.16.0.253 |     0.0.0.0     |   enp0s8  |   UG  |
[   30.072733] cloud-init[670]: ci-info: |   1   |   0.0.0.0    |   10.0.2.2   |     0.0.0.0     |   enp0s3  |   UG  |
[   30.074560] cloud-init[670]: ci-info: |   2   |   10.0.2.0   |   0.0.0.0    |  255.255.255.0  |   enp0s3  |   U   |
[0;32m  OK  [0m] Reached target System Initialization.
[[0;32m  OK  [0m[   30.076185] ] cloud-initStarted Daily Cleanup of Temporary Directories.[670]: 
ci-info: |   3   |   10.0.2.2   |   0.0.0.0    | 255.255.255.255 |   enp0s3  |   UH  |
         Starting Socket activation for snappy daemon.
[   30.178667] cloud-init[670]: ci-info: |   4   |  172.16.0.0  |   0.0.0.0    |  255.255.254.0  |   enp0s8  |   U   |
[[   30.231540] cloud-init[670]: ci-info: |   5   | 172.16.0.253 |   0.0.0.0    | 255.255.255.255 |   enp0s8  |   UH  |
[0;32m  OK  [0m] Listening on ACPID Listen Socket.
[   30.236579] cloud-init[670]: ci-info: +-------+--------------+--------------+-----------------+-----------+-------+
[[0;32m  OK  [0m] Started ACPI Events Check.
[[0;32m  OK  [0m] Listening on D-Bus System Message Bus Socket.
[   30.289980] cloud-init[670]: ci-info: +++++++++++++++++++Route IPv6 info+++++++++++++++++++
[   30.331921] cloud-init[670]: ci-info: +-------+-------------+---------+-----------+-------+
[[0;32m  OK  [0m] Started Daily apt download activities.
[   30.345632] cloud-init[670]: ci-info: | Route | Destination | Gateway | Interface | Flags |
[   30.410215] cloud-init[670]: ci-info: +-------+-------------+---------+-----------+-------+
[[0;32m  OK  [0m] Started Daily apt upgrade and clean activities.
[[0;32m  OK  [0m] Listening on Open-iSCSI iscsid Socket.
[[0;32m  OK  [0m] Started Discard unused blocks once a week.
[   30.424260] cloud-init[670]: ci-info: |   1   |  fe80::/64  |    ::   |   enp0s8  |   U   |
[   30.450582] cloud-init[670]: ci-info: |   2   |  fe80::/64  |    ::   |   enp0s3  |   U   |
[[0;32m  OK  [0m] Listening on UUID daemon activation socket.
[   30.463483] cloud-init[670]: ci-info: |   4   |    local    |    ::   |   enp0s3  |   U   |
         Starting LXD - unix socket.
[   30.525318] [cloud-init[0;32m  OK  [0m[670]: ] ci-info: |   5   |    local    |    ::   |   enp0s8  |   U   |Reached target Paths.

[[0;32m  OK  [0m] Started Message of the Day.
[   30.541113] cloud-init[[0;32m  OK  [0m] Reached target Timers.
[[0;32m  OK  [0m] Reached target Cloud-config availability.
[670]: ci-info: |   6   |   ff00::/8  |    ::   |   enp0s8  |   U   |
[[0;32m  OK  [0m] Started Availability of block devices.
[   30.551756] cloud-init[[0;32m  OK  [0m] Listening on Socket activation for snappy daemon.
[[0;32m  OK  [0m] Listening on LXD - unix socket.
[670]: ci-info: |   7   |   ff00::/8  |    ::   |   enp0s3  |   U   |
[[0;32m  OK  [0m] Reached target Sockets.
[[0;32m  OK  [0m] Reached target Basic System.
[   30.561951] cloud-init[670]: ci-info: +-------+-------------+---------+-----------+-------+
         Starting LSB: automatic crash report generation...
[[0;32m  OK  [0m] Started Regular background program processing daemon.
         Starting Discard unused blocks...
         Starting LSB: Record successful boot for GRUB...
         Starting System Logging Service...
         Starting LXD - container startup/shutdown...
[[0;32m  OK  [0m] Started Unattended Upgrades Shutdown.
         Starting Login Service...
         Starting Permit User Sessions...
         Starting Puppet master...
         Starting Dispatcher daemon for systemd-networkd...
         Starting Virtualbox guest utils...
[[0;32m  OK  [0m] Started D-Bus System Message Bus.
[[0;32m  OK  [0m] Started Login Service.
         Starting Accounts Service...
         Starting OpenBSD Secure Shell server...
[[0;32m  OK  [0m] Started Deferred execution scheduler.
[[0;32m  OK  [0m] Started irqbalance daemon.
[[0;32m  OK  [0m] Started FUSE filesystem for LXC.
         Starting Snappy daemon...
[[0;32m  OK  [0m] Started System Logging Service.
[[0;32m  OK  [0m] Started Discard unused blocks.
[[0;32m  OK  [0m] Started Permit User Sessions.
         Starting Terminate Plymouth Boot Screen...
         Starting Hold until boot process finishes up...
[[0;32m  OK  [0m] Started Terminate Plymouth Boot Screen.
[[0;32m  OK  [0m] Started Hold until boot process finishes up.
         Starting Set console scheme...
[[0;32m  OK  [0m] Started Serial Getty on ttyS0.
[[0;32m  OK  [0m] Started Set console scheme.
[[0;32m  OK  [0m] Created slice system-getty.slice.
[[0;32m  OK  [0m] Started Getty on tty1.
[[0;32m  OK  [0m] Reached target Login Prompts.
         Starting Authorization Manager...
[[0;32m  OK  [0m] Started LSB: automatic crash report generation.
[[0;32m  OK  [0m] Started Dispatcher daemon for systemd-networkd.
[[0;32m  OK  [0m] Started LSB: Record successful boot for GRUB.
[[0;32m  OK  [0m] Started OpenBSD Secure Shell server.
[[0;32m  OK  [0m] Started Virtualbox guest utils.
[[0;32m  OK  [0m] Started Authorization Manager.
[[0;32m  OK  [0m] Started Accounts Service.
[[0;32m  OK  [0m] Created slice User Slice of vagrant.
[[0;32m  OK  [0m] Started Snappy daemon.
[[0;32m  OK  [0m] Started LXD - container startup/shutdown.
[[0;32m  OK  [0m] Started Session 1 of user vagrant.
         Starting Wait until snapd is fully seeded...
         Starting User Manager for UID 1000...
[[0;32m  OK  [0m] Started Wait until snapd is fully seeded.
         Starting Apply the settings specified in cloud-config...
[[0;32m  OK  [0m] Started User Manager for UID 1000.
[[0;32m  OK  [0m] Started Apply the settings specified in cloud-config.
[   36.442347] cloud-init[1191]: Cloud-init v. 18.3-9-g2e62cb8a-0ubuntu1~18.04.2 running 'modules:config' at Mon, 03 Dec 2018 15:28:49 +0000. Up 35.12 seconds.

Ubuntu 18.04.1 LTS puppet-srv01 ttyS0

puppet-srv01 login: [   42.995221] cloud-init[1476]: Cloud-init v. 18.3-9-g2e62cb8a-0ubuntu1~18.04.2 running 'modules:final' at Mon, 03 Dec 2018 15:28:57 +0000. Up 42.40 seconds.
[   42.995541] cloud-init[1476]: Cloud-init v. 18.3-9-g2e62cb8a-0ubuntu1~18.04.2 finished at Mon, 03 Dec 2018 15:28:57 +0000. Datasource DataSourceNoCloud [seed=/dev/sdb][dsmode=net].  Up 42.97 seconds
         Stopping udev Kernel Device Manager...
[[0;32m  OK  [0m] Stopped udev Kernel Device Manager.
         Starting udev Kernel Device Manager...
[[0;32m  OK  [0m] Started udev Kernel Device Manager.
         Stopping OpenBSD Secure Shell server...
[[0;32m  OK  [0m] Stopped OpenBSD Secure Shell server.
         Starting OpenBSD Secure Shell server...
[[0;32m  OK  [0m] Started OpenBSD Secure Shell server.
         Stopping Network Service...
[[0;32m  OK  [0m] Stopped Network Service.
         Starting Network Service...
[[0;32m  OK  [0m] Started Network Service.
         Stopping Network Name Resolution...
[[0;32m  OK  [0m] Stopped Network Name Resolution.
         Starting Network Name Resolution...
[[0;32m  OK  [0m] Started Network Name Resolution.
[[0;32m  OK  [0m] Stopped Flush Journal to Persistent Storage.
         Stopping Flush Journal to Persistent Storage...
         Stopping Journal Service...
[[0;32m  OK  [0m] Stopped Journal Service.
         Starting Journal Service...
[[0;32m  OK  [0m] Started Journal Service.
         Starting Flush Journal to Persistent Storage...
[[0;32m  OK  [0m] Started Flush Journal to Persistent Storage.
[[0;32m  OK  [0m] Started Daily apt upgrade and clean activities.
